-------------------------------------------------------------------------------
Test set: ru.mail.example.ClickCatsPetsMilotaFilterTab_Test
-------------------------------------------------------------------------------
Tests run: 1, Failures: 1, Errors: 0, Skipped: 0, Time elapsed: 3.878 s <<< FAILURE! - in ru.mail.example.ClickCatsPetsMilotaFilterTab_Test
click_milota_filter_cats_pet_tab(ru.mail.example.ClickCatsPetsMilotaFilterTab_Test)  Time elapsed: 3.764 s  <<< FAILURE!
org.junit.ComparisonFailure: На странице отображается неверный заголовок expected:<[Милота]> but was:<[There is no Internet connection]>
	at ru.mail.example.ClickCatsPetsMilotaFilterTab_Test.click_milota_filter_cats_pet_tab(ClickCatsPetsMilotaFilterTab_Test.java:45)

