<?xml version="1.0" encoding="UTF-8"?>
<testsuite xmlns:xsi="http://www.w3.org/2001/XMLSchema-instance" xsi:noNamespaceSchemaLocation="https://maven.apache.org/surefire/maven-surefire-plugin/xsd/surefire-test-report.xsd" name="ru.mail.example.ClickCatsPetsMilotaFilterTab_Test" time="3.878" tests="1" errors="0" skipped="0" failures="1">
  <properties>
[...]
</properties>
  <testcase name="click_milota_filter_cats_pet_tab" classname="ru.mail.example.ClickCatsPetsMilotaFilterTab_Test" time="3.764">
    <failure message="На странице отображается неверный заголовок expected:&lt;[Милота]&gt; but was:&lt;[There is no Internet connection]&gt;" type="org.junit.ComparisonFailure"><![CDATA[org.junit.ComparisonFailure: На странице отображается неверный заголовок expected:<[Милота]> but was:<[There is no Internet connection]>
	at ru.mail.example.ClickCatsPetsMilotaFilterTab_Test.click_milota_filter_cats_pet_tab(ClickCatsPetsMilotaFilterTab_Test.java:45)
]]></failure>
    <system-err><![CDATA[SLF4J: Failed to load class "org.slf4j.impl.StaticLoggerBinder".
SLF4J: Defaulting to no-operation (NOP) logger implementation
SLF4J: See http://www.slf4j.org/codes.html#StaticLoggerBinder for further details.
Starting ChromeDriver 2.38.551591 (bcc4a2cdef0f6b942b2bb8049068f65340fa2a69) on port 27670
Only local connections are allowed.
Apr 27, 2018 5:26:56 PM org.openqa.selenium.remote.ProtocolHandshake createSession
INFO: Detected dialect: OSS
]]></system-err>
  </testcase>
</testsuite>