-------------------------------------------------------------------------------
Test set: ru.mail.example.ClickCatsPetsMilotaFilterTab_Test
-------------------------------------------------------------------------------
Tests run: 2, Failures: 0, Errors: 2, Skipped: 0, Time elapsed: 13.168 s <<< FAILURE! - in ru.mail.example.ClickCatsPetsMilotaFilterTab_Test
click_milota_filter_cats_pet_tab(ru.mail.example.ClickCatsPetsMilotaFilterTab_Test)  Time elapsed: 13.091 s  <<< ERROR!
org.openqa.selenium.NoSuchWindowException: 
no such window: target window already closed
from unknown error: web view not found
  (Session info: chrome=66.0.3359.117)
  (Driver info: chromedriver=2.38.551591 (bcc4a2cdef0f6b942b2bb8049068f65340fa2a69),platform=Linux 4.8.0-53-generic x86_64) (WARNING: The server did not provide any stacktrace information)
Command duration or timeout: 0 milliseconds
Build info: version: '3.11.0', revision: 'e59cfb3', time: '2018-03-11T20:26:55.152Z'
System info: host: 'katya-W65-67SB', ip: '127.0.1.1', os.name: 'Linux', os.arch: 'amd64', os.version: '4.8.0-53-generic', java.version: '1.8.0_161'
Driver info: org.openqa.selenium.chrome.ChromeDriver
Capabilities {acceptInsecureCerts: false, acceptSslCerts: false, applicationCacheEnabled: false, browserConnectionEnabled: false, browserName: chrome, chrome: {chromedriverVersion: 2.38.551591 (bcc4a2cdef0f6b..., userDataDir: /tmp/.org.chromium.Chromium...}, cssSelectorsEnabled: true, databaseEnabled: false, handlesAlerts: true, hasTouchScreen: false, javascriptEnabled: true, locationContextEnabled: true, mobileEmulationEnabled: false, nativeEvents: true, networkConnectionEnabled: false, pageLoadStrategy: normal, platform: LINUX, platformName: LINUX, rotatable: false, setWindowRect: true, takesHeapSnapshot: true, takesScreenshot: true, unexpectedAlertBehaviour: , unhandledPromptBehavior: , version: 66.0.3359.117, webStorageEnabled: true}
Session ID: a6f32c163b75331a11b9e1062622b476
	at ru.mail.example.ClickCatsPetsMilotaFilterTab_Test.click_milota_filter_cats_pet_tab(ClickCatsPetsMilotaFilterTab_Test.java:45)

click_milota_filter_cats_pet_tab(ru.mail.example.ClickCatsPetsMilotaFilterTab_Test)  Time elapsed: 13.094 s  <<< ERROR!
org.openqa.selenium.WebDriverException: 
chrome not reachable
  (Session info: chrome=66.0.3359.117)
  (Driver info: chromedriver=2.38.551591 (bcc4a2cdef0f6b942b2bb8049068f65340fa2a69),platform=Linux 4.8.0-53-generic x86_64) (WARNING: The server did not provide any stacktrace information)
Command duration or timeout: 0 milliseconds
Build info: version: '3.11.0', revision: 'e59cfb3', time: '2018-03-11T20:26:55.152Z'
System info: host: 'katya-W65-67SB', ip: '127.0.1.1', os.name: 'Linux', os.arch: 'amd64', os.version: '4.8.0-53-generic', java.version: '1.8.0_161'
Driver info: org.openqa.selenium.chrome.ChromeDriver
Capabilities {acceptInsecureCerts: false, acceptSslCerts: false, applicationCacheEnabled: false, browserConnectionEnabled: false, browserName: chrome, chrome: {chromedriverVersion: 2.38.551591 (bcc4a2cdef0f6b..., userDataDir: /tmp/.org.chromium.Chromium...}, cssSelectorsEnabled: true, databaseEnabled: false, handlesAlerts: true, hasTouchScreen: false, javascriptEnabled: true, locationContextEnabled: true, mobileEmulationEnabled: false, nativeEvents: true, networkConnectionEnabled: false, pageLoadStrategy: normal, platform: LINUX, platformName: LINUX, rotatable: false, setWindowRect: true, takesHeapSnapshot: true, takesScreenshot: true, unexpectedAlertBehaviour: , unhandledPromptBehavior: , version: 66.0.3359.117, webStorageEnabled: true}
Session ID: a6f32c163b75331a11b9e1062622b476
	at ru.mail.example.ClickCatsPetsMilotaFilterTab_Test.closeDriver(ClickCatsPetsMilotaFilterTab_Test.java:37)

