<?xml version="1.0" encoding="UTF-8"?>
<testsuite xmlns:xsi="http://www.w3.org/2001/XMLSchema-instance" xsi:noNamespaceSchemaLocation="https://maven.apache.org/surefire/maven-surefire-plugin/xsd/surefire-test-report.xsd" name="ru.mail.example.ClickCatsPetsMilotaFilterTab_Test" time="13.168" tests="2" errors="2" skipped="0" failures="0">
  <properties>
[...]
</properties>
  <testcase name="click_milota_filter_cats_pet_tab" classname="ru.mail.example.ClickCatsPetsMilotaFilterTab_Test" time="13.091">
    <error message="no such window: target window already closed&#10;from unknown error: web view not found&#10;  (Session info: chrome=66.0.3359.117)&#10;  (Driver info: chromedriver=2.38.551591 (bcc4a2cdef0f6b942b2bb8049068f65340fa2a69),platform=Linux 4.8.0-53-generic x86_64) (WARNING: The server did not provide any stacktrace information)&#10;Command duration or timeout: 0 milliseconds&#10;Build info: version: &apos;3.11.0&apos;, revision: &apos;e59cfb3&apos;, time: &apos;2018-03-11T20:26:55.152Z&apos;&#10;System info: host: &apos;katya-W65-67SB&apos;, ip: &apos;127.0.1.1&apos;, os.name: &apos;Linux&apos;, os.arch: &apos;amd64&apos;, os.version: &apos;4.8.0-53-generic&apos;, java.version: &apos;1.8.0_161&apos;&#10;Driver info: org.openqa.selenium.chrome.ChromeDriver&#10;Capabilities {acceptInsecureCerts: false, acceptSslCerts: false, applicationCacheEnabled: false, browserConnectionEnabled: false, browserName: chrome, chrome: {chromedriverVersion: 2.38.551591 (bcc4a2cdef0f6b..., userDataDir: /tmp/.org.chromium.Chromium...}, cssSelectorsEnabled: true, databaseEnabled: false, handlesAlerts: true, hasTouchScreen: false, javascriptEnabled: true, locationContextEnabled: true, mobileEmulationEnabled: false, nativeEvents: true, networkConnectionEnabled: false, pageLoadStrategy: normal, platform: LINUX, platformName: LINUX, rotatable: false, setWindowRect: true, takesHeapSnapshot: true, takesScreenshot: true, unexpectedAlertBehaviour: , unhandledPromptBehavior: , version: 66.0.3359.117, webStorageEnabled: true}&#10;Session ID: a6f32c163b75331a11b9e1062622b476" type="org.openqa.selenium.NoSuchWindowException">org.openqa.selenium.NoSuchWindowException: 
no such window: target window already closed
from unknown error: web view not found
  (Session info: chrome=66.0.3359.117)
  (Driver info: chromedriver=2.38.551591 (bcc4a2cdef0f6b942b2bb8049068f65340fa2a69),platform=Linux 4.8.0-53-generic x86_64) (WARNING: The server did not provide any stacktrace information)
Command duration or timeout: 0 milliseconds
Build info: version: '3.11.0', revision: 'e59cfb3', time: '2018-03-11T20:26:55.152Z'
System info: host: 'katya-W65-67SB', ip: '127.0.1.1', os.name: 'Linux', os.arch: 'amd64', os.version: '4.8.0-53-generic', java.version: '1.8.0_161'
Driver info: org.openqa.selenium.chrome.ChromeDriver
Capabilities {acceptInsecureCerts: false, acceptSslCerts: false, applicationCacheEnabled: false, browserConnectionEnabled: false, browserName: chrome, chrome: {chromedriverVersion: 2.38.551591 (bcc4a2cdef0f6b..., userDataDir: /tmp/.org.chromium.Chromium...}, cssSelectorsEnabled: true, databaseEnabled: false, handlesAlerts: true, hasTouchScreen: false, javascriptEnabled: true, locationContextEnabled: true, mobileEmulationEnabled: false, nativeEvents: true, networkConnectionEnabled: false, pageLoadStrategy: normal, platform: LINUX, platformName: LINUX, rotatable: false, setWindowRect: true, takesHeapSnapshot: true, takesScreenshot: true, unexpectedAlertBehaviour: , unhandledPromptBehavior: , version: 66.0.3359.117, webStorageEnabled: true}
Session ID: a6f32c163b75331a11b9e1062622b476
	at ru.mail.example.ClickCatsPetsMilotaFilterTab_Test.click_milota_filter_cats_pet_tab(ClickCatsPetsMilotaFilterTab_Test.java:45)
</error>
    <system-err><![CDATA[SLF4J: Failed to load class "org.slf4j.impl.StaticLoggerBinder".
SLF4J: Defaulting to no-operation (NOP) logger implementation
SLF4J: See http://www.slf4j.org/codes.html#StaticLoggerBinder for further details.
Starting ChromeDriver 2.38.551591 (bcc4a2cdef0f6b942b2bb8049068f65340fa2a69) on port 28590
Only local connections are allowed.
Apr 26, 2018 10:08:45 PM org.openqa.selenium.remote.ProtocolHandshake createSession
INFO: Detected dialect: OSS
]]></system-err>
  </testcase>
  <testcase name="click_milota_filter_cats_pet_tab" classname="ru.mail.example.ClickCatsPetsMilotaFilterTab_Test" time="13.094">
    <error message="chrome not reachable&#10;  (Session info: chrome=66.0.3359.117)&#10;  (Driver info: chromedriver=2.38.551591 (bcc4a2cdef0f6b942b2bb8049068f65340fa2a69),platform=Linux 4.8.0-53-generic x86_64) (WARNING: The server did not provide any stacktrace information)&#10;Command duration or timeout: 0 milliseconds&#10;Build info: version: &apos;3.11.0&apos;, revision: &apos;e59cfb3&apos;, time: &apos;2018-03-11T20:26:55.152Z&apos;&#10;System info: host: &apos;katya-W65-67SB&apos;, ip: &apos;127.0.1.1&apos;, os.name: &apos;Linux&apos;, os.arch: &apos;amd64&apos;, os.version: &apos;4.8.0-53-generic&apos;, java.version: &apos;1.8.0_161&apos;&#10;Driver info: org.openqa.selenium.chrome.ChromeDriver&#10;Capabilities {acceptInsecureCerts: false, acceptSslCerts: false, applicationCacheEnabled: false, browserConnectionEnabled: false, browserName: chrome, chrome: {chromedriverVersion: 2.38.551591 (bcc4a2cdef0f6b..., userDataDir: /tmp/.org.chromium.Chromium...}, cssSelectorsEnabled: true, databaseEnabled: false, handlesAlerts: true, hasTouchScreen: false, javascriptEnabled: true, locationContextEnabled: true, mobileEmulationEnabled: false, nativeEvents: true, networkConnectionEnabled: false, pageLoadStrategy: normal, platform: LINUX, platformName: LINUX, rotatable: false, setWindowRect: true, takesHeapSnapshot: true, takesScreenshot: true, unexpectedAlertBehaviour: , unhandledPromptBehavior: , version: 66.0.3359.117, webStorageEnabled: true}&#10;Session ID: a6f32c163b75331a11b9e1062622b476" type="org.openqa.selenium.WebDriverException">org.openqa.selenium.WebDriverException: 
chrome not reachable
  (Session info: chrome=66.0.3359.117)
  (Driver info: chromedriver=2.38.551591 (bcc4a2cdef0f6b942b2bb8049068f65340fa2a69),platform=Linux 4.8.0-53-generic x86_64) (WARNING: The server did not provide any stacktrace information)
Command duration or timeout: 0 milliseconds
Build info: version: '3.11.0', revision: 'e59cfb3', time: '2018-03-11T20:26:55.152Z'
System info: host: 'katya-W65-67SB', ip: '127.0.1.1', os.name: 'Linux', os.arch: 'amd64', os.version: '4.8.0-53-generic', java.version: '1.8.0_161'
Driver info: org.openqa.selenium.chrome.ChromeDriver
Capabilities {acceptInsecureCerts: false, acceptSslCerts: false, applicationCacheEnabled: false, browserConnectionEnabled: false, browserName: chrome, chrome: {chromedriverVersion: 2.38.551591 (bcc4a2cdef0f6b..., userDataDir: /tmp/.org.chromium.Chromium...}, cssSelectorsEnabled: true, databaseEnabled: false, handlesAlerts: true, hasTouchScreen: false, javascriptEnabled: true, locationContextEnabled: true, mobileEmulationEnabled: false, nativeEvents: true, networkConnectionEnabled: false, pageLoadStrategy: normal, platform: LINUX, platformName: LINUX, rotatable: false, setWindowRect: true, takesHeapSnapshot: true, takesScreenshot: true, unexpectedAlertBehaviour: , unhandledPromptBehavior: , version: 66.0.3359.117, webStorageEnabled: true}
Session ID: a6f32c163b75331a11b9e1062622b476
	at ru.mail.example.ClickCatsPetsMilotaFilterTab_Test.closeDriver(ClickCatsPetsMilotaFilterTab_Test.java:37)
</error>
  </testcase>
</testsuite>